2025-06-15 17:46:45:4645 [31merror[39m: [31mAPI Error: [39m
[31mInvalid `prisma.user.findUnique()` invocation:[39m


[31merror: Environment variable not found: DATABASE_URL.[39m
[31m  -->  schema.prisma:7[39m
[31m   | [39m
[31m 6 |   provider = "mongodb"[39m
[31m 7 |   url      = env("DATABASE_URL")[39m
[31m   | [39m

[31mValidation Error Count: 1[39m
2025-06-15 17:47:31:4731 [31merror[39m: [31mAPI Error: [39m
[31mInvalid `prisma.user.findUnique()` invocation:[39m


[31merror: Environment variable not found: DATABASE_URL.[39m
[31m  -->  schema.prisma:7[39m
[31m   | [39m
[31m 6 |   provider = "mongodb"[39m
[31m 7 |   url      = env("DATABASE_URL")[39m
[31m   | [39m

[31mValidation Error Count: 1[39m
2025-06-15 17:50:48:5048 [31merror[39m: [31mAPI Error: [39m
[31mInvalid `prisma.user.findUnique()` invocation:[39m


[31merror: Environment variable not found: DATABASE_URL.[39m
[31m  -->  schema.prisma:7[39m
[31m   | [39m
[31m 6 |   provider = "mongodb"[39m
[31m 7 |   url      = env("DATABASE_URL")[39m
[31m   | [39m

[31mValidation Error Count: 1[39m
2025-06-15 17:57:22:5722 [31merror[39m: [31mAPI Error: [39m
[31mInvalid `prisma.user.findUnique()` invocation:[39m


[31mThe provided database string is invalid. MongoDB connection string error: Missing delimiting slash between hosts and options in database URL. Please refer to the documentation in https://www.prisma.io/docs/reference/database-reference/connection-urls for constructing a correct connection string. In some cases, certain characters must be escaped. Please check the string for any illegal characters.[39m
2025-06-15 18:17:48:1748 [33mwarn[39m: [33mFailed login attempt - user not found Failed login attempt - user not found[39m
2025-06-15 18:17:48:1748 [31merror[39m: [31mAPI Error: Invalid credentials[39m
2025-06-15 18:19:19:1919 [33mwarn[39m: [33mFailed login attempt - user not found Failed login attempt - user not found[39m
2025-06-15 18:19:19:1919 [31merror[39m: [31mAPI Error: Invalid credentials[39m
2025-06-15 18:28:53:2853 [33mwarn[39m: [33mFailed login attempt - user not found Failed login attempt - user not found[39m
2025-06-15 18:28:54:2854 [31merror[39m: [31mAPI Error: Invalid credentials[39m
2025-06-15 18:49:14:4914 [33mwarn[39m: [33mSuccessful login Successful login[39m
